<?xml version="1.0" encoding="UTF-8"?>
<!-- Generated by org.testng.reporters.JUnitXMLReporter -->
<testsuite ignored="1" hostname="AZR-HQ-yPEmnq6w" failures="0" tests="2" name="Test" time="5.364" errors="0" timestamp="2024-07-23T00:41:46 IST">
  <testcase classname="Test_cases.Test_case01" name="Test_case01" time="0.064"/>
  <testcase classname="Test_cases.Test_case02" name="Test_case02" time="0.005"/>
  <testcase classname="singleton.Browser" name="@AfterSuite teardownSuite" time="0.0">
    <ignored/>
  </testcase> <!-- @AfterSuite teardownSuite -->
</testsuite> <!-- Test -->
