<?xml version="1.0" encoding="UTF-8"?>
<testng-results ignored="0" total="2" passed="2" failed="0" skipped="0">
  <reporter-output>
  </reporter-output>
  <suite started-at="2024-07-23T12:03:46 IST" name="Suite" finished-at="2024-07-23T12:04:30 IST" duration-ms="43534">
    <groups>
    </groups>
    <test started-at="2024-07-23T12:03:46 IST" name="Test" finished-at="2024-07-23T12:04:30 IST" duration-ms="43534">
      <class name="Test_cases.Test_case01">
        <test-method is-config="true" signature="setup()[pri:0, instance:Test_cases.Test_case01@598bd2ba]" started-at="2024-07-23T12:03:47 IST" name="setup" finished-at="2024-07-23T12:03:51 IST" duration-ms="4937" status="PASS">
          <reporter-output>
          </reporter-output>
        </test-method> <!-- setup -->
        <test-method signature="Test_case01()[pri:1, instance:Test_cases.Test_case01@598bd2ba]" started-at="2024-07-23T12:03:52 IST" name="Test_case01" finished-at="2024-07-23T12:04:15 IST" duration-ms="23436" status="PASS">
          <reporter-output>
          </reporter-output>
        </test-method> <!-- Test_case01 -->
        <test-method is-config="true" signature="teardownSuite()[pri:0, instance:Test_cases.Test_case01@598bd2ba]" started-at="2024-07-23T12:04:15 IST" name="teardownSuite" finished-at="2024-07-23T12:04:15 IST" duration-ms="210" status="PASS">
          <reporter-output>
          </reporter-output>
        </test-method> <!-- teardownSuite -->
      </class> <!-- Test_cases.Test_case01 -->
      <class name="Test_cases.Test_case02">
        <test-method is-config="true" signature="setup()[pri:0, instance:Test_cases.Test_case02@5bf8fa12]" started-at="2024-07-23T12:04:15 IST" name="setup" finished-at="2024-07-23T12:04:20 IST" duration-ms="4368" status="PASS">
          <reporter-output>
          </reporter-output>
        </test-method> <!-- setup -->
        <test-method signature="Test_case02()[pri:2, instance:Test_cases.Test_case02@5bf8fa12]" started-at="2024-07-23T12:04:20 IST" name="Test_case02" finished-at="2024-07-23T12:04:30 IST" duration-ms="10312" status="PASS">
          <reporter-output>
          </reporter-output>
        </test-method> <!-- Test_case02 -->
        <test-method is-config="true" signature="teardownSuite()[pri:0, instance:Test_cases.Test_case02@5bf8fa12]" started-at="2024-07-23T12:04:30 IST" name="teardownSuite" finished-at="2024-07-23T12:04:30 IST" duration-ms="159" status="PASS">
          <reporter-output>
          </reporter-output>
        </test-method> <!-- teardownSuite -->
      </class> <!-- Test_cases.Test_case02 -->
    </test> <!-- Test -->
  </suite> <!-- Suite -->
</testng-results>
