<?xml version="1.0" encoding="UTF-8"?>
<testng-results ignored="1" total="3" passed="2" failed="0" skipped="0">
  <reporter-output>
  </reporter-output>
  <suite started-at="2024-07-23T00:41:41 IST" name="Suite" finished-at="2024-07-23T00:41:46 IST" duration-ms="5364">
    <groups>
    </groups>
    <test started-at="2024-07-23T00:41:41 IST" name="Test" finished-at="2024-07-23T00:41:46 IST" duration-ms="5364">
      <class name="Test_cases.Test_case01">
        <test-method is-config="true" signature="setup()[pri:0, instance:Test_cases.Test_case01@29ca3d04]" started-at="2024-07-23T00:41:41 IST" name="setup" finished-at="2024-07-23T00:41:45 IST" duration-ms="4301" status="PASS">
          <reporter-output>
          </reporter-output>
        </test-method> <!-- setup -->
        <test-method signature="Test_case01()[pri:1, instance:Test_cases.Test_case01@29ca3d04]" started-at="2024-07-23T00:41:45 IST" name="Test_case01" finished-at="2024-07-23T00:41:45 IST" duration-ms="64" status="PASS">
          <reporter-output>
          </reporter-output>
        </test-method> <!-- Test_case01 -->
        <test-method is-config="true" signature="teardownSuite()[pri:0, instance:Test_cases.Test_case01@29ca3d04]" started-at="2024-07-23T00:41:46 IST" name="teardownSuite" finished-at="2024-07-23T00:41:47 IST" duration-ms="602" status="PASS">
          <reporter-output>
          </reporter-output>
        </test-method> <!-- teardownSuite -->
      </class> <!-- Test_cases.Test_case01 -->
      <class name="Test_cases.Test_case02">
        <test-method is-config="true" signature="setup()[pri:0, instance:Test_cases.Test_case02@2f16c6b3]" started-at="2024-07-23T00:41:45 IST" name="setup" finished-at="2024-07-23T00:41:46 IST" duration-ms="830" status="PASS">
          <reporter-output>
          </reporter-output>
        </test-method> <!-- setup -->
        <test-method signature="Test_case02()[pri:2, instance:Test_cases.Test_case02@2f16c6b3]" started-at="2024-07-23T00:41:46 IST" name="Test_case02" finished-at="2024-07-23T00:41:46 IST" duration-ms="5" status="PASS">
          <reporter-output>
          </reporter-output>
        </test-method> <!-- Test_case02 -->
      </class> <!-- Test_cases.Test_case02 -->
    </test> <!-- Test -->
  </suite> <!-- Suite -->
</testng-results>
